d:\users\86182\documents\visual studio 2022\projects\openglproject\openglproject\debug\vc143.pdb
d:\users\86182\documents\visual studio 2022\projects\openglproject\openglproject\debug\vc143.idb
d:\users\86182\documents\visual studio 2022\projects\openglproject\openglproject\debug\5.obj
d:\users\86182\documents\visual studio 2022\projects\openglproject\openglproject\debug\4.obj
d:\users\86182\documents\visual studio 2022\projects\openglproject\openglproject\debug\3.obj
d:\users\86182\documents\visual studio 2022\projects\openglproject\openglproject\debug\2.obj
d:\users\86182\documents\visual studio 2022\projects\openglproject\openglproject\debug\1.obj
d:\users\86182\documents\visual studio 2022\projects\openglproject\openglproject\debug\0.obj
d:\users\86182\documents\visual studio 2022\projects\openglproject\openglproject\debug\openglproject.ilk
d:\users\86182\documents\visual studio 2022\projects\openglproject\debug\openglproject.pdb
d:\users\86182\documents\visual studio 2022\projects\openglproject\openglproject\debug\openglproject.tlog\cl.command.1.tlog
d:\users\86182\documents\visual studio 2022\projects\openglproject\openglproject\debug\openglproject.tlog\cl.items.tlog
d:\users\86182\documents\visual studio 2022\projects\openglproject\openglproject\debug\openglproject.tlog\cl.read.1.tlog
d:\users\86182\documents\visual studio 2022\projects\openglproject\openglproject\debug\openglproject.tlog\cl.write.1.tlog
d:\users\86182\documents\visual studio 2022\projects\openglproject\openglproject\debug\openglproject.tlog\link-cvtres.read.1.tlog
d:\users\86182\documents\visual studio 2022\projects\openglproject\openglproject\debug\openglproject.tlog\link-cvtres.write.1.tlog
d:\users\86182\documents\visual studio 2022\projects\openglproject\openglproject\debug\openglproject.tlog\link-rc.read.1.tlog
d:\users\86182\documents\visual studio 2022\projects\openglproject\openglproject\debug\openglproject.tlog\link-rc.write.1.tlog
d:\users\86182\documents\visual studio 2022\projects\openglproject\openglproject\debug\openglproject.tlog\link.28188-cvtres.read.1.tlog
d:\users\86182\documents\visual studio 2022\projects\openglproject\openglproject\debug\openglproject.tlog\link.28188-cvtres.write.1.tlog
d:\users\86182\documents\visual studio 2022\projects\openglproject\openglproject\debug\openglproject.tlog\link.28188-rc.read.1.tlog
d:\users\86182\documents\visual studio 2022\projects\openglproject\openglproject\debug\openglproject.tlog\link.28188-rc.write.1.tlog
d:\users\86182\documents\visual studio 2022\projects\openglproject\openglproject\debug\openglproject.tlog\link.28188.read.1.tlog
d:\users\86182\documents\visual studio 2022\projects\openglproject\openglproject\debug\openglproject.tlog\link.28188.write.1.tlog
d:\users\86182\documents\visual studio 2022\projects\openglproject\openglproject\debug\openglproject.tlog\link.command.1.tlog
d:\users\86182\documents\visual studio 2022\projects\openglproject\openglproject\debug\openglproject.tlog\link.read.1.tlog
d:\users\86182\documents\visual studio 2022\projects\openglproject\openglproject\debug\openglproject.tlog\link.secondary.1.tlog
d:\users\86182\documents\visual studio 2022\projects\openglproject\openglproject\debug\openglproject.tlog\link.write.1.tlog
